2020-08-08 00:59:12.532  INFO 55267 --- [http-nio-8080-exec-2] o.a.c.c.C.[Tomcat].[localhost].[/]       : Initializing Spring DispatcherServlet 'dispatcherServlet'
2020-08-08 00:59:12.607  INFO 55267 --- [http-nio-8080-exec-2] o.s.web.servlet.DispatcherServlet        : Initializing Servlet 'dispatcherServlet'
2020-08-08 00:59:12.646  INFO 55267 --- [http-nio-8080-exec-2] o.s.web.servlet.DispatcherServlet        : Completed initialization in 38 ms
2020-08-08 01:17:34.923 DEBUG 55267 --- [http-nio-8080-exec-1] org.hibernate.SQL                        : select service0_.id as id1_1_, service0_.created_at as created_2_1_, service0_.updated_at as updated_3_1_, service0_.count as count4_1_, service0_.created_by as created_5_1_, service0_.dated as dated6_1_, service0_.description as descript7_1_, service0_.lower_deck as lower_de8_1_, service0_.status as status9_1_, service0_.title as title10_1_, service0_.upper_deck as upper_d11_1_ from services service0_ limit ?
2020-08-08 01:19:01.511 DEBUG 55267 --- [File Watcher] o.s.boot.devtools.restart.Restarter      : Restarting application
2020-08-08 01:19:01.518 DEBUG 55267 --- [Thread-1740] o.s.boot.devtools.restart.Restarter      : Stopping application
2020-08-08 01:19:01.519 DEBUG 55267 --- [Thread-1740] ConfigServletWebServerApplicationContext : Closing org.springframework.boot.web.servlet.context.AnnotationConfigServletWebServerApplicationContext@77014d4e, started on Fri Aug 07 23:37:49 EAT 2020
2020-08-08 01:19:01.624  INFO 55267 --- [Thread-1740] j.LocalContainerEntityManagerFactoryBean : Closing JPA EntityManagerFactory for persistence unit 'default'
2020-08-08 01:19:01.632  INFO 55267 --- [Thread-1740] o.s.s.concurrent.ThreadPoolTaskExecutor  : Shutting down ExecutorService 'applicationTaskExecutor'
2020-08-08 01:19:01.634  INFO 55267 --- [Thread-1740] com.zaxxer.hikari.HikariDataSource       : HikariPool-10 - Shutdown initiated...
2020-08-08 01:19:01.740  INFO 55267 --- [Thread-1740] com.zaxxer.hikari.HikariDataSource       : HikariPool-10 - Shutdown completed.
2020-08-08 01:19:02.633 DEBUG 55267 --- [Thread-1740] o.s.boot.devtools.restart.Restarter      : Created RestartClassLoader org.springframework.boot.devtools.restart.classloader.RestartClassLoader@5f4409a6
2020-08-08 01:19:02.635 DEBUG 55267 --- [Thread-1740] o.s.boot.devtools.restart.Restarter      : Starting application co.ke.makamuevans.jav1.Jav1Application with URLs [file:/Users/elm/dev/webapps/jav1/target/classes/]
2020-08-08 01:19:07.813 DEBUG 55267 --- [restartedMain] .c.l.ClasspathLoggingApplicationListener : Application started with classpath: [file:/Users/elm/dev/webapps/jav1/target/classes/]
2020-08-08 01:19:07.823  INFO 55267 --- [restartedMain] co.ke.makamuevans.jav1.Jav1Application   : Starting Jav1Application on Appless-MacBook-Pro.local with PID 55267 (/Users/elm/dev/webapps/jav1/target/classes started by elm in /Users/elm/dev/webapps/jav1)
2020-08-08 01:19:07.823  INFO 55267 --- [restartedMain] co.ke.makamuevans.jav1.Jav1Application   : The following profiles are active: dev
2020-08-08 01:19:07.823 DEBUG 55267 --- [restartedMain] o.s.boot.SpringApplication               : Loading source class co.ke.makamuevans.jav1.Jav1Application
2020-08-08 01:19:07.840 DEBUG 55267 --- [restartedMain] o.s.b.c.c.ConfigFileApplicationListener  : Activated activeProfiles dev
2020-08-08 01:19:07.840 DEBUG 55267 --- [restartedMain] o.s.b.c.c.ConfigFileApplicationListener  : Loaded config file 'file:/Users/elm/dev/webapps/jav1/target/classes/application.properties' (classpath:/application.properties)
2020-08-08 01:19:07.840 DEBUG 55267 --- [restartedMain] o.s.b.c.c.ConfigFileApplicationListener  : Loaded config file 'file:/Users/elm/dev/webapps/jav1/target/classes/application-dev.yml' (classpath:/application-dev.yml) for profile dev
2020-08-08 01:19:07.840 DEBUG 55267 --- [restartedMain] ConfigServletWebServerApplicationContext : Refreshing org.springframework.boot.web.servlet.context.AnnotationConfigServletWebServerApplicationContext@73a41c1f
2020-08-08 01:19:08.476  INFO 55267 --- [restartedMain] .s.d.r.c.RepositoryConfigurationDelegate : Multiple Spring Data modules found, entering strict repository configuration mode!
2020-08-08 01:19:08.477  INFO 55267 --- [restartedMain] .s.d.r.c.RepositoryConfigurationDelegate : Bootstrapping Spring Data JDBC repositories in DEFAULT mode.
2020-08-08 01:19:08.479 DEBUG 55267 --- [restartedMain] o.s.b.a.AutoConfigurationPackages        : @EnableAutoConfiguration was declared on a class in the package 'co.ke.makamuevans.jav1'. Automatic @Repository and @Entity scanning is enabled.
2020-08-08 01:19:08.559 DEBUG 55267 --- [restartedMain] o.s.boot.diagnostics.FailureAnalyzers    : FailureAnalyzer org.springframework.boot.diagnostics.analyzer.ValidationExceptionFailureAnalyzer@4e01ed72 failed

java.lang.NoClassDefFoundError: javax/validation/ValidationException
	at org.springframework.boot.diagnostics.analyzer.ValidationExceptionFailureAnalyzer.analyze(ValidationExceptionFailureAnalyzer.java:31) ~[spring-boot-2.3.1.RELEASE.jar:2.3.1.RELEASE]
	at org.springframework.boot.diagnostics.AbstractFailureAnalyzer.analyze(AbstractFailureAnalyzer.java:35) ~[spring-boot-2.3.1.RELEASE.jar:2.3.1.RELEASE]
	at org.springframework.boot.diagnostics.FailureAnalyzers.analyze(FailureAnalyzers.java:111) ~[spring-boot-2.3.1.RELEASE.jar:2.3.1.RELEASE]
	at org.springframework.boot.diagnostics.FailureAnalyzers.reportException(FailureAnalyzers.java:104) ~[spring-boot-2.3.1.RELEASE.jar:2.3.1.RELEASE]
	at org.springframework.boot.SpringApplication.reportFailure(SpringApplication.java:827) ~[spring-boot-2.3.1.RELEASE.jar:2.3.1.RELEASE]
	at org.springframework.boot.SpringApplication.handleRunFailure(SpringApplication.java:812) ~[spring-boot-2.3.1.RELEASE.jar:2.3.1.RELEASE]
	at org.springframework.boot.SpringApplication.run(SpringApplication.java:325) ~[spring-boot-2.3.1.RELEASE.jar:2.3.1.RELEASE]
	at org.springframework.boot.SpringApplication.run(SpringApplication.java:1237) ~[spring-boot-2.3.1.RELEASE.jar:2.3.1.RELEASE]
	at org.springframework.boot.SpringApplication.run(SpringApplication.java:1226) ~[spring-boot-2.3.1.RELEASE.jar:2.3.1.RELEASE]
	at co.ke.makamuevans.jav1.Jav1Application.main(Jav1Application.java:10) ~[classes/:na]
	at java.base/jdk.internal.reflect.NativeMethodAccessorImpl.invoke0(Native Method) ~[na:na]
	at java.base/jdk.internal.reflect.NativeMethodAccessorImpl.invoke(NativeMethodAccessorImpl.java:62) ~[na:na]
	at java.base/jdk.internal.reflect.DelegatingMethodAccessorImpl.invoke(DelegatingMethodAccessorImpl.java:43) ~[na:na]
	at java.base/java.lang.reflect.Method.invoke(Method.java:567) ~[na:na]
	at org.springframework.boot.devtools.restart.RestartLauncher.run(RestartLauncher.java:49) ~[spring-boot-devtools-2.3.1.RELEASE.jar:2.3.1.RELEASE]
Caused by: java.lang.ClassNotFoundException: javax.validation.ValidationException
	at java.base/jdk.internal.loader.BuiltinClassLoader.loadClass(BuiltinClassLoader.java:583) ~[na:na]
	at java.base/jdk.internal.loader.ClassLoaders$AppClassLoader.loadClass(ClassLoaders.java:178) ~[na:na]
	at java.base/java.lang.ClassLoader.loadClass(ClassLoader.java:521) ~[na:na]
	... 15 common frames omitted

2020-08-08 01:19:08.581 ERROR 55267 --- [restartedMain] o.s.boot.SpringApplication               : Application run failed

java.lang.TypeNotPresentException: Type co.ke.makamuevans.jav1.Models.Booking not present
	at java.base/sun.reflect.generics.factory.CoreReflectionFactory.makeNamedType(CoreReflectionFactory.java:117) ~[na:na]
	at java.base/sun.reflect.generics.visitor.Reifier.visitClassTypeSignature(Reifier.java:125) ~[na:na]
	at java.base/sun.reflect.generics.tree.ClassTypeSignature.accept(ClassTypeSignature.java:49) ~[na:na]
	at java.base/sun.reflect.generics.visitor.Reifier.reifyTypeArguments(Reifier.java:68) ~[na:na]
	at java.base/sun.reflect.generics.visitor.Reifier.visitClassTypeSignature(Reifier.java:138) ~[na:na]
	at java.base/sun.reflect.generics.tree.ClassTypeSignature.accept(ClassTypeSignature.java:49) ~[na:na]
	at java.base/sun.reflect.generics.repository.ClassRepository.computeSuperInterfaces(ClassRepository.java:117) ~[na:na]
	at java.base/sun.reflect.generics.repository.ClassRepository.getSuperInterfaces(ClassRepository.java:95) ~[na:na]
	at java.base/java.lang.Class.getGenericInterfaces(Class.java:1143) ~[na:na]
	at org.springframework.core.ResolvableType.getInterfaces(ResolvableType.java:502) ~[spring-core-5.2.7.RELEASE.jar:5.2.7.RELEASE]
	at org.springframework.core.GenericTypeResolver.buildTypeVariableMap(GenericTypeResolver.java:271) ~[spring-core-5.2.7.RELEASE.jar:5.2.7.RELEASE]
	at org.springframework.core.GenericTypeResolver.getTypeVariableMap(GenericTypeResolver.java:248) ~[spring-core-5.2.7.RELEASE.jar:5.2.7.RELEASE]
	at org.springframework.data.util.ClassTypeInformation.getTypeVariableMap(ClassTypeInformation.java:115) ~[spring-data-commons-2.3.1.RELEASE.jar:2.3.1.RELEASE]
	at org.springframework.data.util.ClassTypeInformation.getTypeVariableMap(ClassTypeInformation.java:104) ~[spring-data-commons-2.3.1.RELEASE.jar:2.3.1.RELEASE]
	at org.springframework.data.util.ClassTypeInformation.<init>(ClassTypeInformation.java:93) ~[spring-data-commons-2.3.1.RELEASE.jar:2.3.1.RELEASE]
	at java.base/java.util.concurrent.ConcurrentMap.computeIfAbsent(ConcurrentMap.java:330) ~[na:na]
	at org.springframework.data.util.ClassTypeInformation.from(ClassTypeInformation.java:71) ~[spring-data-commons-2.3.1.RELEASE.jar:2.3.1.RELEASE]
	at org.springframework.data.repository.core.support.AbstractRepositoryMetadata.<init>(AbstractRepositoryMetadata.java:62) ~[spring-data-commons-2.3.1.RELEASE.jar:2.3.1.RELEASE]
	at org.springframework.data.repository.core.support.DefaultRepositoryMetadata.<init>(DefaultRepositoryMetadata.java:52) ~[spring-data-commons-2.3.1.RELEASE.jar:2.3.1.RELEASE]
	at org.springframework.data.repository.core.support.AbstractRepositoryMetadata.getMetadata(AbstractRepositoryMetadata.java:77) ~[spring-data-commons-2.3.1.RELEASE.jar:2.3.1.RELEASE]
	at org.springframework.data.repository.config.RepositoryConfigurationExtensionSupport.getRepositoryConfigurations(RepositoryConfigurationExtensionSupport.java:102) ~[spring-data-commons-2.3.1.RELEASE.jar:2.3.1.RELEASE]
	at org.springframework.data.repository.config.RepositoryConfigurationDelegate.registerRepositoriesIn(RepositoryConfigurationDelegate.java:148) ~[spring-data-commons-2.3.1.RELEASE.jar:2.3.1.RELEASE]
	at org.springframework.boot.autoconfigure.data.AbstractRepositoryConfigurationSourceSupport.registerBeanDefinitions(AbstractRepositoryConfigurationSourceSupport.java:62) ~[spring-boot-autoconfigure-2.3.1.RELEASE.jar:2.3.1.RELEASE]
	at org.springframework.context.annotation.ConfigurationClassBeanDefinitionReader.lambda$loadBeanDefinitionsFromRegistrars$1(ConfigurationClassBeanDefinitionReader.java:384) ~[spring-context-5.2.7.RELEASE.jar:5.2.7.RELEASE]
	at java.base/java.util.LinkedHashMap.forEach(LinkedHashMap.java:684) ~[na:na]
	at org.springframework.context.annotation.ConfigurationClassBeanDefinitionReader.loadBeanDefinitionsFromRegistrars(ConfigurationClassBeanDefinitionReader.java:383) ~[spring-context-5.2.7.RELEASE.jar:5.2.7.RELEASE]
	at org.springframework.context.annotation.ConfigurationClassBeanDefinitionReader.loadBeanDefinitionsForConfigurationClass(ConfigurationClassBeanDefinitionReader.java:148) ~[spring-context-5.2.7.RELEASE.jar:5.2.7.RELEASE]
	at org.springframework.context.annotation.ConfigurationClassBeanDefinitionReader.loadBeanDefinitions(ConfigurationClassBeanDefinitionReader.java:120) ~[spring-context-5.2.7.RELEASE.jar:5.2.7.RELEASE]
	at org.springframework.context.annotation.ConfigurationClassPostProcessor.processConfigBeanDefinitions(ConfigurationClassPostProcessor.java:331) ~[spring-context-5.2.7.RELEASE.jar:5.2.7.RELEASE]
	at org.springframework.context.annotation.ConfigurationClassPostProcessor.postProcessBeanDefinitionRegistry(ConfigurationClassPostProcessor.java:236) ~[spring-context-5.2.7.RELEASE.jar:5.2.7.RELEASE]
	at org.springframework.context.support.PostProcessorRegistrationDelegate.invokeBeanDefinitionRegistryPostProcessors(PostProcessorRegistrationDelegate.java:280) ~[spring-context-5.2.7.RELEASE.jar:5.2.7.RELEASE]
	at org.springframework.context.support.PostProcessorRegistrationDelegate.invokeBeanFactoryPostProcessors(PostProcessorRegistrationDelegate.java:96) ~[spring-context-5.2.7.RELEASE.jar:5.2.7.RELEASE]
	at org.springframework.context.support.AbstractApplicationContext.invokeBeanFactoryPostProcessors(AbstractApplicationContext.java:707) ~[spring-context-5.2.7.RELEASE.jar:5.2.7.RELEASE]
	at org.springframework.context.support.AbstractApplicationContext.refresh(AbstractApplicationContext.java:533) ~[spring-context-5.2.7.RELEASE.jar:5.2.7.RELEASE]
	at org.springframework.boot.web.servlet.context.ServletWebServerApplicationContext.refresh(ServletWebServerApplicationContext.java:143) ~[spring-boot-2.3.1.RELEASE.jar:2.3.1.RELEASE]
	at org.springframework.boot.SpringApplication.refresh(SpringApplication.java:758) ~[spring-boot-2.3.1.RELEASE.jar:2.3.1.RELEASE]
	at org.springframework.boot.SpringApplication.refresh(SpringApplication.java:750) ~[spring-boot-2.3.1.RELEASE.jar:2.3.1.RELEASE]
	at org.springframework.boot.SpringApplication.refreshContext(SpringApplication.java:397) ~[spring-boot-2.3.1.RELEASE.jar:2.3.1.RELEASE]
	at org.springframework.boot.SpringApplication.run(SpringApplication.java:315) ~[spring-boot-2.3.1.RELEASE.jar:2.3.1.RELEASE]
	at org.springframework.boot.SpringApplication.run(SpringApplication.java:1237) ~[spring-boot-2.3.1.RELEASE.jar:2.3.1.RELEASE]
	at org.springframework.boot.SpringApplication.run(SpringApplication.java:1226) ~[spring-boot-2.3.1.RELEASE.jar:2.3.1.RELEASE]
	at co.ke.makamuevans.jav1.Jav1Application.main(Jav1Application.java:10) ~[classes/:na]
	at java.base/jdk.internal.reflect.NativeMethodAccessorImpl.invoke0(Native Method) ~[na:na]
	at java.base/jdk.internal.reflect.NativeMethodAccessorImpl.invoke(NativeMethodAccessorImpl.java:62) ~[na:na]
	at java.base/jdk.internal.reflect.DelegatingMethodAccessorImpl.invoke(DelegatingMethodAccessorImpl.java:43) ~[na:na]
	at java.base/java.lang.reflect.Method.invoke(Method.java:567) ~[na:na]
	at org.springframework.boot.devtools.restart.RestartLauncher.run(RestartLauncher.java:49) ~[spring-boot-devtools-2.3.1.RELEASE.jar:2.3.1.RELEASE]
Caused by: java.lang.ClassNotFoundException: co.ke.makamuevans.jav1.Models.Booking
	at java.base/jdk.internal.loader.BuiltinClassLoader.loadClass(BuiltinClassLoader.java:583) ~[na:na]
	at java.base/jdk.internal.loader.ClassLoaders$AppClassLoader.loadClass(ClassLoaders.java:178) ~[na:na]
	at java.base/java.lang.ClassLoader.loadClass(ClassLoader.java:521) ~[na:na]
	at java.base/java.lang.Class.forName0(Native Method) ~[na:na]
	at java.base/java.lang.Class.forName(Class.java:415) ~[na:na]
	at org.springframework.boot.devtools.restart.classloader.RestartClassLoader.loadClass(RestartClassLoader.java:144) ~[spring-boot-devtools-2.3.1.RELEASE.jar:2.3.1.RELEASE]
	at java.base/java.lang.ClassLoader.loadClass(ClassLoader.java:521) ~[na:na]
	at java.base/java.lang.Class.forName0(Native Method) ~[na:na]
	at java.base/java.lang.Class.forName(Class.java:415) ~[na:na]
	at java.base/sun.reflect.generics.factory.CoreReflectionFactory.makeNamedType(CoreReflectionFactory.java:114) ~[na:na]
	... 46 common frames omitted

2020-08-08 01:19:08.584 DEBUG 55267 --- [restartedMain] ConfigServletWebServerApplicationContext : Closing org.springframework.boot.web.servlet.context.AnnotationConfigServletWebServerApplicationContext@73a41c1f, started on Sat Aug 08 01:19:07 EAT 2020
2020-08-08 01:39:51.425 DEBUG 55267 --- [Thread-1740] o.s.boot.devtools.restart.Restarter      : Created RestartClassLoader org.springframework.boot.devtools.restart.classloader.RestartClassLoader@3c976dda
2020-08-08 01:39:51.434 DEBUG 55267 --- [Thread-1740] o.s.boot.devtools.restart.Restarter      : Starting application co.ke.makamuevans.jav1.Jav1Application with URLs [file:/Users/elm/dev/webapps/jav1/target/classes/]
2020-08-08 01:39:51.553 DEBUG 55267 --- [restartedMain] o.s.boot.env.OriginTrackedYamlLoader     : Loading from YAML: class path resource [application-dev.yml]
2020-08-08 01:39:51.558 DEBUG 55267 --- [restartedMain] o.s.boot.env.OriginTrackedYamlLoader     : Merging document (no matchers set): {spring={thymeleaf={prefix=file:src/main/resources/templates/, cache=false}, resources={static-locations=file:src/main/resources/static/}}}
2020-08-08 01:39:51.559 DEBUG 55267 --- [restartedMain] o.s.boot.env.OriginTrackedYamlLoader     : Loaded 1 document from YAML resource: class path resource [application-dev.yml]
2020-08-08 01:39:51.567  INFO 55267 --- [restartedMain] .e.DevToolsPropertyDefaultsPostProcessor : Devtools property defaults active! Set 'spring.devtools.add-properties' to 'false' to disable
2020-08-08 01:39:51.568  INFO 55267 --- [restartedMain] .e.DevToolsPropertyDefaultsPostProcessor : For additional web related logging consider setting the 'logging.level.web' property to 'DEBUG'
2020-08-08 01:39:56.587 DEBUG 55267 --- [restartedMain] .c.l.ClasspathLoggingApplicationListener : Application started with classpath: [file:/Users/elm/dev/webapps/jav1/target/classes/]
2020-08-08 01:39:56.713  INFO 55267 --- [restartedMain] co.ke.makamuevans.jav1.Jav1Application   : Starting Jav1Application on Appless-MBP with PID 55267 (/Users/elm/dev/webapps/jav1/target/classes started by elm in /Users/elm/dev/webapps/jav1)
2020-08-08 01:39:56.713  INFO 55267 --- [restartedMain] co.ke.makamuevans.jav1.Jav1Application   : The following profiles are active: dev
2020-08-08 01:39:56.713 DEBUG 55267 --- [restartedMain] o.s.boot.SpringApplication               : Loading source class co.ke.makamuevans.jav1.Jav1Application
2020-08-08 01:39:56.718 DEBUG 55267 --- [restartedMain] o.s.b.c.c.ConfigFileApplicationListener  : Activated activeProfiles dev
2020-08-08 01:39:56.719 DEBUG 55267 --- [restartedMain] o.s.b.c.c.ConfigFileApplicationListener  : Loaded config file 'file:/Users/elm/dev/webapps/jav1/target/classes/application.properties' (classpath:/application.properties)
2020-08-08 01:39:56.719 DEBUG 55267 --- [restartedMain] o.s.b.c.c.ConfigFileApplicationListener  : Loaded config file 'file:/Users/elm/dev/webapps/jav1/target/classes/application-dev.yml' (classpath:/application-dev.yml) for profile dev
2020-08-08 01:39:56.719 DEBUG 55267 --- [restartedMain] ConfigServletWebServerApplicationContext : Refreshing org.springframework.boot.web.servlet.context.AnnotationConfigServletWebServerApplicationContext@62ebd59
2020-08-08 01:39:57.136  INFO 55267 --- [restartedMain] .s.d.r.c.RepositoryConfigurationDelegate : Multiple Spring Data modules found, entering strict repository configuration mode!
2020-08-08 01:39:57.136  INFO 55267 --- [restartedMain] .s.d.r.c.RepositoryConfigurationDelegate : Bootstrapping Spring Data JDBC repositories in DEFAULT mode.
2020-08-08 01:39:57.137 DEBUG 55267 --- [restartedMain] o.s.b.a.AutoConfigurationPackages        : @EnableAutoConfiguration was declared on a class in the package 'co.ke.makamuevans.jav1'. Automatic @Repository and @Entity scanning is enabled.
2020-08-08 01:39:57.150 DEBUG 55267 --- [restartedMain] o.s.boot.diagnostics.FailureAnalyzers    : FailureAnalyzer org.springframework.boot.diagnostics.analyzer.ValidationExceptionFailureAnalyzer@d0d3a4c failed

java.lang.NoClassDefFoundError: javax/validation/ValidationException
	at org.springframework.boot.diagnostics.analyzer.ValidationExceptionFailureAnalyzer.analyze(ValidationExceptionFailureAnalyzer.java:31) ~[spring-boot-2.3.1.RELEASE.jar:2.3.1.RELEASE]
	at org.springframework.boot.diagnostics.AbstractFailureAnalyzer.analyze(AbstractFailureAnalyzer.java:35) ~[spring-boot-2.3.1.RELEASE.jar:2.3.1.RELEASE]
	at org.springframework.boot.diagnostics.FailureAnalyzers.analyze(FailureAnalyzers.java:111) ~[spring-boot-2.3.1.RELEASE.jar:2.3.1.RELEASE]
	at org.springframework.boot.diagnostics.FailureAnalyzers.reportException(FailureAnalyzers.java:104) ~[spring-boot-2.3.1.RELEASE.jar:2.3.1.RELEASE]
	at org.springframework.boot.SpringApplication.reportFailure(SpringApplication.java:827) ~[spring-boot-2.3.1.RELEASE.jar:2.3.1.RELEASE]
	at org.springframework.boot.SpringApplication.handleRunFailure(SpringApplication.java:812) ~[spring-boot-2.3.1.RELEASE.jar:2.3.1.RELEASE]
	at org.springframework.boot.SpringApplication.run(SpringApplication.java:325) ~[spring-boot-2.3.1.RELEASE.jar:2.3.1.RELEASE]
	at org.springframework.boot.SpringApplication.run(SpringApplication.java:1237) ~[spring-boot-2.3.1.RELEASE.jar:2.3.1.RELEASE]
	at org.springframework.boot.SpringApplication.run(SpringApplication.java:1226) ~[spring-boot-2.3.1.RELEASE.jar:2.3.1.RELEASE]
	at co.ke.makamuevans.jav1.Jav1Application.main(Jav1Application.java:10) ~[classes/:na]
	at java.base/jdk.internal.reflect.NativeMethodAccessorImpl.invoke0(Native Method) ~[na:na]
	at java.base/jdk.internal.reflect.NativeMethodAccessorImpl.invoke(NativeMethodAccessorImpl.java:62) ~[na:na]
	at java.base/jdk.internal.reflect.DelegatingMethodAccessorImpl.invoke(DelegatingMethodAccessorImpl.java:43) ~[na:na]
	at java.base/java.lang.reflect.Method.invoke(Method.java:567) ~[na:na]
	at org.springframework.boot.devtools.restart.RestartLauncher.run(RestartLauncher.java:49) ~[spring-boot-devtools-2.3.1.RELEASE.jar:2.3.1.RELEASE]

2020-08-08 01:39:57.153 ERROR 55267 --- [restartedMain] o.s.boot.SpringApplication               : Application run failed

java.lang.TypeNotPresentException: Type co.ke.makamuevans.jav1.Models.Service not present
	at java.base/sun.reflect.generics.factory.CoreReflectionFactory.makeNamedType(CoreReflectionFactory.java:117) ~[na:na]
	at java.base/sun.reflect.generics.visitor.Reifier.visitClassTypeSignature(Reifier.java:125) ~[na:na]
	at java.base/sun.reflect.generics.tree.ClassTypeSignature.accept(ClassTypeSignature.java:49) ~[na:na]
	at java.base/sun.reflect.generics.visitor.Reifier.reifyTypeArguments(Reifier.java:68) ~[na:na]
	at java.base/sun.reflect.generics.visitor.Reifier.visitClassTypeSignature(Reifier.java:138) ~[na:na]
	at java.base/sun.reflect.generics.tree.ClassTypeSignature.accept(ClassTypeSignature.java:49) ~[na:na]
	at java.base/sun.reflect.generics.repository.ClassRepository.computeSuperInterfaces(ClassRepository.java:117) ~[na:na]
	at java.base/sun.reflect.generics.repository.ClassRepository.getSuperInterfaces(ClassRepository.java:95) ~[na:na]
	at java.base/java.lang.Class.getGenericInterfaces(Class.java:1143) ~[na:na]
	at org.springframework.core.ResolvableType.getInterfaces(ResolvableType.java:502) ~[spring-core-5.2.7.RELEASE.jar:5.2.7.RELEASE]
	at org.springframework.core.GenericTypeResolver.buildTypeVariableMap(GenericTypeResolver.java:271) ~[spring-core-5.2.7.RELEASE.jar:5.2.7.RELEASE]
	at org.springframework.core.GenericTypeResolver.getTypeVariableMap(GenericTypeResolver.java:248) ~[spring-core-5.2.7.RELEASE.jar:5.2.7.RELEASE]
	at org.springframework.data.util.ClassTypeInformation.getTypeVariableMap(ClassTypeInformation.java:115) ~[spring-data-commons-2.3.1.RELEASE.jar:2.3.1.RELEASE]
	at org.springframework.data.util.ClassTypeInformation.getTypeVariableMap(ClassTypeInformation.java:104) ~[spring-data-commons-2.3.1.RELEASE.jar:2.3.1.RELEASE]
	at org.springframework.data.util.ClassTypeInformation.<init>(ClassTypeInformation.java:93) ~[spring-data-commons-2.3.1.RELEASE.jar:2.3.1.RELEASE]
	at java.base/java.util.concurrent.ConcurrentMap.computeIfAbsent(ConcurrentMap.java:330) ~[na:na]
	at org.springframework.data.util.ClassTypeInformation.from(ClassTypeInformation.java:71) ~[spring-data-commons-2.3.1.RELEASE.jar:2.3.1.RELEASE]
	at org.springframework.data.repository.core.support.AbstractRepositoryMetadata.<init>(AbstractRepositoryMetadata.java:62) ~[spring-data-commons-2.3.1.RELEASE.jar:2.3.1.RELEASE]
	at org.springframework.data.repository.core.support.DefaultRepositoryMetadata.<init>(DefaultRepositoryMetadata.java:52) ~[spring-data-commons-2.3.1.RELEASE.jar:2.3.1.RELEASE]
	at org.springframework.data.repository.core.support.AbstractRepositoryMetadata.getMetadata(AbstractRepositoryMetadata.java:77) ~[spring-data-commons-2.3.1.RELEASE.jar:2.3.1.RELEASE]
	at org.springframework.data.repository.config.RepositoryConfigurationExtensionSupport.getRepositoryConfigurations(RepositoryConfigurationExtensionSupport.java:102) ~[spring-data-commons-2.3.1.RELEASE.jar:2.3.1.RELEASE]
	at org.springframework.data.repository.config.RepositoryConfigurationDelegate.registerRepositoriesIn(RepositoryConfigurationDelegate.java:148) ~[spring-data-commons-2.3.1.RELEASE.jar:2.3.1.RELEASE]
	at org.springframework.boot.autoconfigure.data.AbstractRepositoryConfigurationSourceSupport.registerBeanDefinitions(AbstractRepositoryConfigurationSourceSupport.java:62) ~[spring-boot-autoconfigure-2.3.1.RELEASE.jar:2.3.1.RELEASE]
	at org.springframework.context.annotation.ConfigurationClassBeanDefinitionReader.lambda$loadBeanDefinitionsFromRegistrars$1(ConfigurationClassBeanDefinitionReader.java:384) ~[spring-context-5.2.7.RELEASE.jar:5.2.7.RELEASE]
	at java.base/java.util.LinkedHashMap.forEach(LinkedHashMap.java:684) ~[na:na]
	at org.springframework.context.annotation.ConfigurationClassBeanDefinitionReader.loadBeanDefinitionsFromRegistrars(ConfigurationClassBeanDefinitionReader.java:383) ~[spring-context-5.2.7.RELEASE.jar:5.2.7.RELEASE]
	at org.springframework.context.annotation.ConfigurationClassBeanDefinitionReader.loadBeanDefinitionsForConfigurationClass(ConfigurationClassBeanDefinitionReader.java:148) ~[spring-context-5.2.7.RELEASE.jar:5.2.7.RELEASE]
	at org.springframework.context.annotation.ConfigurationClassBeanDefinitionReader.loadBeanDefinitions(ConfigurationClassBeanDefinitionReader.java:120) ~[spring-context-5.2.7.RELEASE.jar:5.2.7.RELEASE]
	at org.springframework.context.annotation.ConfigurationClassPostProcessor.processConfigBeanDefinitions(ConfigurationClassPostProcessor.java:331) ~[spring-context-5.2.7.RELEASE.jar:5.2.7.RELEASE]
	at org.springframework.context.annotation.ConfigurationClassPostProcessor.postProcessBeanDefinitionRegistry(ConfigurationClassPostProcessor.java:236) ~[spring-context-5.2.7.RELEASE.jar:5.2.7.RELEASE]
	at org.springframework.context.support.PostProcessorRegistrationDelegate.invokeBeanDefinitionRegistryPostProcessors(PostProcessorRegistrationDelegate.java:280) ~[spring-context-5.2.7.RELEASE.jar:5.2.7.RELEASE]
	at org.springframework.context.support.PostProcessorRegistrationDelegate.invokeBeanFactoryPostProcessors(PostProcessorRegistrationDelegate.java:96) ~[spring-context-5.2.7.RELEASE.jar:5.2.7.RELEASE]
	at org.springframework.context.support.AbstractApplicationContext.invokeBeanFactoryPostProcessors(AbstractApplicationContext.java:707) ~[spring-context-5.2.7.RELEASE.jar:5.2.7.RELEASE]
	at org.springframework.context.support.AbstractApplicationContext.refresh(AbstractApplicationContext.java:533) ~[spring-context-5.2.7.RELEASE.jar:5.2.7.RELEASE]
	at org.springframework.boot.web.servlet.context.ServletWebServerApplicationContext.refresh(ServletWebServerApplicationContext.java:143) ~[spring-boot-2.3.1.RELEASE.jar:2.3.1.RELEASE]
	at org.springframework.boot.SpringApplication.refresh(SpringApplication.java:758) ~[spring-boot-2.3.1.RELEASE.jar:2.3.1.RELEASE]
	at org.springframework.boot.SpringApplication.refresh(SpringApplication.java:750) ~[spring-boot-2.3.1.RELEASE.jar:2.3.1.RELEASE]
	at org.springframework.boot.SpringApplication.refreshContext(SpringApplication.java:397) ~[spring-boot-2.3.1.RELEASE.jar:2.3.1.RELEASE]
	at org.springframework.boot.SpringApplication.run(SpringApplication.java:315) ~[spring-boot-2.3.1.RELEASE.jar:2.3.1.RELEASE]
	at org.springframework.boot.SpringApplication.run(SpringApplication.java:1237) ~[spring-boot-2.3.1.RELEASE.jar:2.3.1.RELEASE]
	at org.springframework.boot.SpringApplication.run(SpringApplication.java:1226) ~[spring-boot-2.3.1.RELEASE.jar:2.3.1.RELEASE]
	at co.ke.makamuevans.jav1.Jav1Application.main(Jav1Application.java:10) ~[classes/:na]
	at java.base/jdk.internal.reflect.NativeMethodAccessorImpl.invoke0(Native Method) ~[na:na]
	at java.base/jdk.internal.reflect.NativeMethodAccessorImpl.invoke(NativeMethodAccessorImpl.java:62) ~[na:na]
	at java.base/jdk.internal.reflect.DelegatingMethodAccessorImpl.invoke(DelegatingMethodAccessorImpl.java:43) ~[na:na]
	at java.base/java.lang.reflect.Method.invoke(Method.java:567) ~[na:na]
	at org.springframework.boot.devtools.restart.RestartLauncher.run(RestartLauncher.java:49) ~[spring-boot-devtools-2.3.1.RELEASE.jar:2.3.1.RELEASE]
Caused by: java.lang.ClassNotFoundException: co.ke.makamuevans.jav1.Models.Service
	at java.base/jdk.internal.loader.BuiltinClassLoader.loadClass(BuiltinClassLoader.java:583) ~[na:na]
	at java.base/jdk.internal.loader.ClassLoaders$AppClassLoader.loadClass(ClassLoaders.java:178) ~[na:na]
	at java.base/java.lang.ClassLoader.loadClass(ClassLoader.java:521) ~[na:na]
	at java.base/java.lang.Class.forName0(Native Method) ~[na:na]
	at java.base/java.lang.Class.forName(Class.java:415) ~[na:na]
	at org.springframework.boot.devtools.restart.classloader.RestartClassLoader.loadClass(RestartClassLoader.java:144) ~[spring-boot-devtools-2.3.1.RELEASE.jar:2.3.1.RELEASE]
	at java.base/java.lang.ClassLoader.loadClass(ClassLoader.java:521) ~[na:na]
	at java.base/java.lang.Class.forName0(Native Method) ~[na:na]
	at java.base/java.lang.Class.forName(Class.java:415) ~[na:na]
	at java.base/sun.reflect.generics.factory.CoreReflectionFactory.makeNamedType(CoreReflectionFactory.java:114) ~[na:na]
	... 46 common frames omitted

2020-08-08 01:39:57.154 DEBUG 55267 --- [restartedMain] ConfigServletWebServerApplicationContext : Closing org.springframework.boot.web.servlet.context.AnnotationConfigServletWebServerApplicationContext@62ebd59, started on Sat Aug 08 01:39:56 EAT 2020
2020-08-08 01:55:29.655 DEBUG 55267 --- [Thread-1740] o.s.boot.devtools.restart.Restarter      : Created RestartClassLoader org.springframework.boot.devtools.restart.classloader.RestartClassLoader@13e9f5dc
2020-08-08 01:55:29.656 DEBUG 55267 --- [Thread-1740] o.s.boot.devtools.restart.Restarter      : Starting application co.ke.makamuevans.jav1.Jav1Application with URLs [file:/Users/elm/dev/webapps/jav1/target/classes/]
2020-08-08 01:55:29.678 DEBUG 55267 --- [restartedMain] o.s.boot.env.OriginTrackedYamlLoader     : Loading from YAML: class path resource [application-dev.yml]
2020-08-08 01:55:29.680 DEBUG 55267 --- [restartedMain] o.s.boot.env.OriginTrackedYamlLoader     : Merging document (no matchers set): {spring={thymeleaf={prefix=file:src/main/resources/templates/, cache=false}, resources={static-locations=file:src/main/resources/static/}}}
2020-08-08 01:55:29.680 DEBUG 55267 --- [restartedMain] o.s.boot.env.OriginTrackedYamlLoader     : Loaded 1 document from YAML resource: class path resource [application-dev.yml]
2020-08-08 01:55:29.688  INFO 55267 --- [restartedMain] .e.DevToolsPropertyDefaultsPostProcessor : Devtools property defaults active! Set 'spring.devtools.add-properties' to 'false' to disable
2020-08-08 01:55:29.688  INFO 55267 --- [restartedMain] .e.DevToolsPropertyDefaultsPostProcessor : For additional web related logging consider setting the 'logging.level.web' property to 'DEBUG'
2020-08-08 01:55:30.737 DEBUG 55267 --- [restartedMain] .c.l.ClasspathLoggingApplicationListener : Application started with classpath: [file:/Users/elm/dev/webapps/jav1/target/classes/]
2020-08-08 01:55:30.742  INFO 55267 --- [restartedMain] co.ke.makamuevans.jav1.Jav1Application   : Starting Jav1Application on Appless-MBP with PID 55267 (/Users/elm/dev/webapps/jav1/target/classes started by elm in /Users/elm/dev/webapps/jav1)
2020-08-08 01:55:30.743  INFO 55267 --- [restartedMain] co.ke.makamuevans.jav1.Jav1Application   : The following profiles are active: dev
2020-08-08 01:55:30.743 DEBUG 55267 --- [restartedMain] o.s.boot.SpringApplication               : Loading source class co.ke.makamuevans.jav1.Jav1Application
2020-08-08 01:55:30.745 DEBUG 55267 --- [restartedMain] o.s.b.c.c.ConfigFileApplicationListener  : Activated activeProfiles dev
2020-08-08 01:55:30.745 DEBUG 55267 --- [restartedMain] o.s.b.c.c.ConfigFileApplicationListener  : Loaded config file 'file:/Users/elm/dev/webapps/jav1/target/classes/application.properties' (classpath:/application.properties)
2020-08-08 01:55:30.745 DEBUG 55267 --- [restartedMain] o.s.b.c.c.ConfigFileApplicationListener  : Loaded config file 'file:/Users/elm/dev/webapps/jav1/target/classes/application-dev.yml' (classpath:/application-dev.yml) for profile dev
2020-08-08 01:55:30.746 DEBUG 55267 --- [restartedMain] ConfigServletWebServerApplicationContext : Refreshing org.springframework.boot.web.servlet.context.AnnotationConfigServletWebServerApplicationContext@408b633e
2020-08-08 01:55:31.107  INFO 55267 --- [restartedMain] .s.d.r.c.RepositoryConfigurationDelegate : Multiple Spring Data modules found, entering strict repository configuration mode!
2020-08-08 01:55:31.108  INFO 55267 --- [restartedMain] .s.d.r.c.RepositoryConfigurationDelegate : Bootstrapping Spring Data JDBC repositories in DEFAULT mode.
2020-08-08 01:55:31.109 DEBUG 55267 --- [restartedMain] o.s.b.a.AutoConfigurationPackages        : @EnableAutoConfiguration was declared on a class in the package 'co.ke.makamuevans.jav1'. Automatic @Repository and @Entity scanning is enabled.
2020-08-08 01:55:31.124  INFO 55267 --- [restartedMain] .RepositoryConfigurationExtensionSupport : Spring Data JDBC - Could not safely identify store assignment for repository candidate interface co.ke.makamuevans.jav1.Repositories.BookingRepository. If you want this repository to be a JDBC repository, consider annotating your entities with one of these annotations: org.springframework.data.relational.core.mapping.Table.
2020-08-08 01:55:31.126  INFO 55267 --- [restartedMain] .RepositoryConfigurationExtensionSupport : Spring Data JDBC - Could not safely identify store assignment for repository candidate interface co.ke.makamuevans.jav1.Repositories.ServiceRepository. If you want this repository to be a JDBC repository, consider annotating your entities with one of these annotations: org.springframework.data.relational.core.mapping.Table.
2020-08-08 01:55:31.126  INFO 55267 --- [restartedMain] .s.d.r.c.RepositoryConfigurationDelegate : Finished Spring Data repository scanning in 17ms. Found 0 JDBC repository interfaces.
2020-08-08 01:55:31.132  INFO 55267 --- [restartedMain] .s.d.r.c.RepositoryConfigurationDelegate : Multiple Spring Data modules found, entering strict repository configuration mode!
2020-08-08 01:55:31.132  INFO 55267 --- [restartedMain] .s.d.r.c.RepositoryConfigurationDelegate : Bootstrapping Spring Data JPA repositories in DEFERRED mode.
2020-08-08 01:55:31.154  INFO 55267 --- [restartedMain] .s.d.r.c.RepositoryConfigurationDelegate : Finished Spring Data repository scanning in 22ms. Found 2 JPA repository interfaces.
2020-08-08 01:55:31.415 DEBUG 55267 --- [restartedMain] .s.b.w.e.t.TomcatServletWebServerFactory : Code archive: /Users/elm/.m2/repository/org/springframework/boot/spring-boot/2.3.1.RELEASE/spring-boot-2.3.1.RELEASE.jar
2020-08-08 01:55:31.415 DEBUG 55267 --- [restartedMain] .s.b.w.e.t.TomcatServletWebServerFactory : Code archive: /Users/elm/.m2/repository/org/springframework/boot/spring-boot/2.3.1.RELEASE/spring-boot-2.3.1.RELEASE.jar
2020-08-08 01:55:31.415 DEBUG 55267 --- [restartedMain] .s.b.w.e.t.TomcatServletWebServerFactory : None of the document roots [src/main/webapp, public, static] point to a directory and will be ignored.
2020-08-08 01:55:31.456  INFO 55267 --- [restartedMain] o.s.b.w.embedded.tomcat.TomcatWebServer  : Tomcat initialized with port(s): 8080 (http)
2020-08-08 01:55:31.458  INFO 55267 --- [restartedMain] o.apache.catalina.core.StandardService   : Starting service [Tomcat]
2020-08-08 01:55:31.459  INFO 55267 --- [restartedMain] org.apache.catalina.core.StandardEngine  : Starting Servlet engine: [Apache Tomcat/9.0.36]
2020-08-08 01:55:31.486  INFO 55267 --- [restartedMain] o.a.c.c.C.[Tomcat].[localhost].[/]       : Initializing Spring embedded WebApplicationContext
2020-08-08 01:55:31.486 DEBUG 55267 --- [restartedMain] w.s.c.ServletWebServerApplicationContext : Published root WebApplicationContext as ServletContext attribute with name [org.springframework.web.context.WebApplicationContext.ROOT]
2020-08-08 01:55:31.486  INFO 55267 --- [restartedMain] w.s.c.ServletWebServerApplicationContext : Root WebApplicationContext: initialization completed in 740 ms
2020-08-08 01:55:31.517 DEBUG 55267 --- [restartedMain] o.s.b.w.s.ServletContextInitializerBeans : Mapping filters: characterEncodingFilter urls=[/*] order=-2147483648, formContentFilter urls=[/*] order=-9900, requestContextFilter urls=[/*] order=-105
2020-08-08 01:55:31.517 DEBUG 55267 --- [restartedMain] o.s.b.w.s.ServletContextInitializerBeans : Mapping servlets: dispatcherServlet urls=[/]
2020-08-08 01:55:31.520 DEBUG 55267 --- [restartedMain] o.s.b.w.s.f.OrderedRequestContextFilter  : Filter 'requestContextFilter' configured for use
2020-08-08 01:55:31.520 DEBUG 55267 --- [restartedMain] s.b.w.s.f.OrderedCharacterEncodingFilter : Filter 'characterEncodingFilter' configured for use
2020-08-08 01:55:31.520 DEBUG 55267 --- [restartedMain] o.s.b.w.s.f.OrderedFormContentFilter     : Filter 'formContentFilter' configured for use
2020-08-08 01:55:31.675  INFO 55267 --- [restartedMain] o.s.s.concurrent.ThreadPoolTaskExecutor  : Initializing ExecutorService 'applicationTaskExecutor'
2020-08-08 01:55:31.722  INFO 55267 --- [task-1] o.hibernate.jpa.internal.util.LogHelper  : HHH000204: Processing PersistenceUnitInfo [name: default]
2020-08-08 01:55:31.742  INFO 55267 --- [task-1] com.zaxxer.hikari.HikariDataSource       : HikariPool-11 - Starting...
2020-08-08 01:55:31.826  WARN 55267 --- [restartedMain] JpaBaseConfiguration$JpaWebConfiguration : spring.jpa.open-in-view is enabled by default. Therefore, database queries may be performed during view rendering. Explicitly configure spring.jpa.open-in-view to disable this warning
2020-08-08 01:55:31.908  INFO 55267 --- [task-1] com.zaxxer.hikari.HikariDataSource       : HikariPool-11 - Start completed.
2020-08-08 01:55:31.910  INFO 55267 --- [task-1] org.hibernate.dialect.Dialect            : HHH000400: Using dialect: org.hibernate.dialect.MySQL57Dialect
2020-08-08 01:55:32.307  INFO 55267 --- [task-1] o.h.e.t.j.p.i.JtaPlatformInitiator       : HHH000490: Using JtaPlatform implementation: [org.hibernate.engine.transaction.jta.platform.internal.NoJtaPlatform]
2020-08-08 01:55:32.308  INFO 55267 --- [task-1] j.LocalContainerEntityManagerFactoryBean : Initialized JPA EntityManagerFactory for persistence unit 'default'
2020-08-08 01:55:32.551 DEBUG 55267 --- [task-2] inMXBeanRegistrar$SpringApplicationAdmin : Application Admin MBean registered with name 'org.springframework.boot:type=Admin,name=SpringApplication'
2020-08-08 01:55:32.553  INFO 55267 --- [task-2] o.s.b.d.a.OptionalLiveReloadServer       : LiveReload server is running on port 35729
2020-08-08 01:55:32.579  INFO 55267 --- [restartedMain] o.s.b.a.w.s.WelcomePageHandlerMapping    : Adding welcome page template: index
2020-08-08 01:55:33.022  INFO 55267 --- [restartedMain] o.s.b.w.embedded.tomcat.TomcatWebServer  : Tomcat started on port(s): 8080 (http) with context path ''
2020-08-08 01:55:33.023  INFO 55267 --- [restartedMain] DeferredRepositoryInitializationListener : Triggering deferred initialization of Spring Data repositories…
2020-08-08 01:55:33.258  INFO 55267 --- [restartedMain] DeferredRepositoryInitializationListener : Spring Data repositories initialized!
2020-08-08 01:55:33.263  INFO 55267 --- [restartedMain] co.ke.makamuevans.jav1.Jav1Application   : Started Jav1Application in 3.6 seconds (JVM running for 22496.101)
2020-08-08 01:55:33.265  INFO 55267 --- [restartedMain] .ConditionEvaluationDeltaLoggingListener : Condition evaluation unchanged
2020-08-08 01:57:11.216  INFO 55267 --- [http-nio-8080-exec-1] o.a.c.c.C.[Tomcat].[localhost].[/]       : Initializing Spring DispatcherServlet 'dispatcherServlet'
2020-08-08 01:57:11.217  INFO 55267 --- [http-nio-8080-exec-1] o.s.web.servlet.DispatcherServlet        : Initializing Servlet 'dispatcherServlet'
2020-08-08 01:57:11.224  INFO 55267 --- [http-nio-8080-exec-1] o.s.web.servlet.DispatcherServlet        : Completed initialization in 7 ms
2020-08-08 01:58:14.872 DEBUG 55267 --- [SpringContextShutdownHook] ConfigServletWebServerApplicationContext : Closing org.springframework.boot.web.servlet.context.AnnotationConfigServletWebServerApplicationContext@408b633e, started on Sat Aug 08 01:55:30 EAT 2020
2020-08-08 01:58:14.903  INFO 55267 --- [SpringContextShutdownHook] j.LocalContainerEntityManagerFactoryBean : Closing JPA EntityManagerFactory for persistence unit 'default'
2020-08-08 01:58:14.904  INFO 55267 --- [SpringContextShutdownHook] o.s.s.concurrent.ThreadPoolTaskExecutor  : Shutting down ExecutorService 'applicationTaskExecutor'
2020-08-08 01:58:14.905  INFO 55267 --- [SpringContextShutdownHook] com.zaxxer.hikari.HikariDataSource       : HikariPool-11 - Shutdown initiated...
2020-08-08 01:58:14.924  INFO 55267 --- [SpringContextShutdownHook] com.zaxxer.hikari.HikariDataSource       : HikariPool-11 - Shutdown completed.
2020-08-08 01:58:28.508 DEBUG 43058 --- [restartedMain] .c.l.ClasspathLoggingApplicationListener : Application started with classpath: [file:/Users/elm/dev/webapps/jav1/target/classes/]
2020-08-08 01:58:28.597  INFO 43058 --- [restartedMain] co.ke.makamuevans.jav1.Jav1Application   : Starting Jav1Application on Appless-MBP with PID 43058 (/Users/elm/dev/webapps/jav1/target/classes started by elm in /Users/elm/dev/webapps/jav1)
2020-08-08 01:58:28.598  INFO 43058 --- [restartedMain] co.ke.makamuevans.jav1.Jav1Application   : The following profiles are active: dev
2020-08-08 01:58:28.598 DEBUG 43058 --- [restartedMain] o.s.boot.SpringApplication               : Loading source class co.ke.makamuevans.jav1.Jav1Application
2020-08-08 01:58:28.864 DEBUG 43058 --- [restartedMain] o.s.b.c.c.ConfigFileApplicationListener  : Activated activeProfiles dev
2020-08-08 01:58:28.864 DEBUG 43058 --- [restartedMain] o.s.b.c.c.ConfigFileApplicationListener  : Loaded config file 'file:/Users/elm/dev/webapps/jav1/target/classes/application.properties' (classpath:/application.properties)
2020-08-08 01:58:28.864 DEBUG 43058 --- [restartedMain] o.s.b.c.c.ConfigFileApplicationListener  : Loaded config file 'file:/Users/elm/dev/webapps/jav1/target/classes/application-dev.yml' (classpath:/application-dev.yml) for profile dev
2020-08-08 01:58:28.865 DEBUG 43058 --- [restartedMain] o.s.b.devtools.restart.ChangeableUrls    : Matching URLs for reloading : [file:/Users/elm/dev/webapps/jav1/target/classes/]
2020-08-08 01:58:28.865 DEBUG 43058 --- [restartedMain] o.s.b.d.settings.DevToolsSettings        : Included patterns for restart : []
2020-08-08 01:58:28.866 DEBUG 43058 --- [restartedMain] o.s.b.d.settings.DevToolsSettings        : Excluded patterns for restart : [/spring-boot-starter-[\w-]+/, /spring-boot/(bin|build|out)/, /spring-boot-starter/(bin|build|out)/, /spring-boot-devtools/(bin|build|out)/, /spring-boot-actuator/(bin|build|out)/, /spring-boot-autoconfigure/(bin|build|out)/]
2020-08-08 01:58:28.866  INFO 43058 --- [restartedMain] .e.DevToolsPropertyDefaultsPostProcessor : Devtools property defaults active! Set 'spring.devtools.add-properties' to 'false' to disable
2020-08-08 01:58:28.866  INFO 43058 --- [restartedMain] .e.DevToolsPropertyDefaultsPostProcessor : For additional web related logging consider setting the 'logging.level.web' property to 'DEBUG'
2020-08-08 01:58:28.866 DEBUG 43058 --- [restartedMain] ConfigServletWebServerApplicationContext : Refreshing org.springframework.boot.web.servlet.context.AnnotationConfigServletWebServerApplicationContext@739641a9
2020-08-08 01:58:30.094  INFO 43058 --- [restartedMain] .s.d.r.c.RepositoryConfigurationDelegate : Multiple Spring Data modules found, entering strict repository configuration mode!
2020-08-08 01:58:30.103  INFO 43058 --- [restartedMain] .s.d.r.c.RepositoryConfigurationDelegate : Bootstrapping Spring Data JDBC repositories in DEFAULT mode.
2020-08-08 01:58:30.137 DEBUG 43058 --- [restartedMain] o.s.b.a.AutoConfigurationPackages        : @EnableAutoConfiguration was declared on a class in the package 'co.ke.makamuevans.jav1'. Automatic @Repository and @Entity scanning is enabled.
2020-08-08 01:58:30.218  INFO 43058 --- [restartedMain] .RepositoryConfigurationExtensionSupport : Spring Data JDBC - Could not safely identify store assignment for repository candidate interface co.ke.makamuevans.jav1.Repositories.BookingRepository. If you want this repository to be a JDBC repository, consider annotating your entities with one of these annotations: org.springframework.data.relational.core.mapping.Table.
2020-08-08 01:58:30.222  INFO 43058 --- [restartedMain] .RepositoryConfigurationExtensionSupport : Spring Data JDBC - Could not safely identify store assignment for repository candidate interface co.ke.makamuevans.jav1.Repositories.ServiceRepository. If you want this repository to be a JDBC repository, consider annotating your entities with one of these annotations: org.springframework.data.relational.core.mapping.Table.
2020-08-08 01:58:30.223  INFO 43058 --- [restartedMain] .s.d.r.c.RepositoryConfigurationDelegate : Finished Spring Data repository scanning in 103ms. Found 0 JDBC repository interfaces.
2020-08-08 01:58:30.237  INFO 43058 --- [restartedMain] .s.d.r.c.RepositoryConfigurationDelegate : Multiple Spring Data modules found, entering strict repository configuration mode!
2020-08-08 01:58:30.238  INFO 43058 --- [restartedMain] .s.d.r.c.RepositoryConfigurationDelegate : Bootstrapping Spring Data JPA repositories in DEFERRED mode.
2020-08-08 01:58:30.276  INFO 43058 --- [restartedMain] .s.d.r.c.RepositoryConfigurationDelegate : Finished Spring Data repository scanning in 33ms. Found 2 JPA repository interfaces.
2020-08-08 01:58:31.245 DEBUG 43058 --- [restartedMain] .s.b.w.e.t.TomcatServletWebServerFactory : Code archive: /Users/elm/.m2/repository/org/springframework/boot/spring-boot/2.3.1.RELEASE/spring-boot-2.3.1.RELEASE.jar
2020-08-08 01:58:31.245 DEBUG 43058 --- [restartedMain] .s.b.w.e.t.TomcatServletWebServerFactory : Code archive: /Users/elm/.m2/repository/org/springframework/boot/spring-boot/2.3.1.RELEASE/spring-boot-2.3.1.RELEASE.jar
2020-08-08 01:58:31.245 DEBUG 43058 --- [restartedMain] .s.b.w.e.t.TomcatServletWebServerFactory : None of the document roots [src/main/webapp, public, static] point to a directory and will be ignored.
2020-08-08 01:58:31.316  INFO 43058 --- [restartedMain] o.s.b.w.embedded.tomcat.TomcatWebServer  : Tomcat initialized with port(s): 8080 (http)
2020-08-08 01:58:31.325  INFO 43058 --- [restartedMain] o.apache.catalina.core.StandardService   : Starting service [Tomcat]
2020-08-08 01:58:31.326  INFO 43058 --- [restartedMain] org.apache.catalina.core.StandardEngine  : Starting Servlet engine: [Apache Tomcat/9.0.36]
2020-08-08 01:58:31.408  INFO 43058 --- [restartedMain] o.a.c.c.C.[Tomcat].[localhost].[/]       : Initializing Spring embedded WebApplicationContext
2020-08-08 01:58:31.409 DEBUG 43058 --- [restartedMain] w.s.c.ServletWebServerApplicationContext : Published root WebApplicationContext as ServletContext attribute with name [org.springframework.web.context.WebApplicationContext.ROOT]
2020-08-08 01:58:31.409  INFO 43058 --- [restartedMain] w.s.c.ServletWebServerApplicationContext : Root WebApplicationContext: initialization completed in 2543 ms
2020-08-08 01:58:31.427 DEBUG 43058 --- [restartedMain] o.s.b.w.s.ServletContextInitializerBeans : Mapping filters: characterEncodingFilter urls=[/*] order=-2147483648, formContentFilter urls=[/*] order=-9900, requestContextFilter urls=[/*] order=-105
2020-08-08 01:58:31.428 DEBUG 43058 --- [restartedMain] o.s.b.w.s.ServletContextInitializerBeans : Mapping servlets: dispatcherServlet urls=[/]
2020-08-08 01:58:31.442 DEBUG 43058 --- [restartedMain] o.s.b.w.s.f.OrderedRequestContextFilter  : Filter 'requestContextFilter' configured for use
2020-08-08 01:58:31.443 DEBUG 43058 --- [restartedMain] s.b.w.s.f.OrderedCharacterEncodingFilter : Filter 'characterEncodingFilter' configured for use
2020-08-08 01:58:31.443 DEBUG 43058 --- [restartedMain] o.s.b.w.s.f.OrderedFormContentFilter     : Filter 'formContentFilter' configured for use
2020-08-08 01:58:31.679  INFO 43058 --- [restartedMain] o.s.s.concurrent.ThreadPoolTaskExecutor  : Initializing ExecutorService 'applicationTaskExecutor'
2020-08-08 01:58:31.745  INFO 43058 --- [task-1] o.hibernate.jpa.internal.util.LogHelper  : HHH000204: Processing PersistenceUnitInfo [name: default]
2020-08-08 01:58:31.831  INFO 43058 --- [task-1] org.hibernate.Version                    : HHH000412: Hibernate ORM core version 5.4.17.Final
2020-08-08 01:58:31.842  WARN 43058 --- [restartedMain] JpaBaseConfiguration$JpaWebConfiguration : spring.jpa.open-in-view is enabled by default. Therefore, database queries may be performed during view rendering. Explicitly configure spring.jpa.open-in-view to disable this warning
2020-08-08 01:58:32.075  INFO 43058 --- [task-1] o.hibernate.annotations.common.Version   : HCANN000001: Hibernate Commons Annotations {5.1.0.Final}
2020-08-08 01:58:32.196  INFO 43058 --- [task-1] com.zaxxer.hikari.HikariDataSource       : HikariPool-1 - Starting...
2020-08-08 01:58:32.736  INFO 43058 --- [task-1] com.zaxxer.hikari.HikariDataSource       : HikariPool-1 - Start completed.
2020-08-08 01:58:32.757  INFO 43058 --- [task-1] org.hibernate.dialect.Dialect            : HHH000400: Using dialect: org.hibernate.dialect.MySQL57Dialect
2020-08-08 01:58:34.065  INFO 43058 --- [task-1] o.h.e.t.j.p.i.JtaPlatformInitiator       : HHH000490: Using JtaPlatform implementation: [org.hibernate.engine.transaction.jta.platform.internal.NoJtaPlatform]
2020-08-08 01:58:34.074  INFO 43058 --- [task-1] j.LocalContainerEntityManagerFactoryBean : Initialized JPA EntityManagerFactory for persistence unit 'default'
2020-08-08 01:58:34.409 DEBUG 43058 --- [task-2] inMXBeanRegistrar$SpringApplicationAdmin : Application Admin MBean registered with name 'org.springframework.boot:type=Admin,name=SpringApplication'
2020-08-08 01:58:34.421 DEBUG 43058 --- [task-2] o.s.b.d.livereload.LiveReloadServer      : Starting live reload server on port 35729
2020-08-08 01:58:34.422  INFO 43058 --- [task-2] o.s.b.d.a.OptionalLiveReloadServer       : LiveReload server is running on port 35729
2020-08-08 01:58:34.459  INFO 43058 --- [restartedMain] o.s.b.a.w.s.WelcomePageHandlerMapping    : Adding welcome page template: index
2020-08-08 01:58:35.122  INFO 43058 --- [restartedMain] o.s.b.w.embedded.tomcat.TomcatWebServer  : Tomcat started on port(s): 8080 (http) with context path ''
2020-08-08 01:58:35.123  INFO 43058 --- [restartedMain] DeferredRepositoryInitializationListener : Triggering deferred initialization of Spring Data repositories…
2020-08-08 01:58:35.345  INFO 43058 --- [restartedMain] DeferredRepositoryInitializationListener : Spring Data repositories initialized!
2020-08-08 01:58:35.362  INFO 43058 --- [restartedMain] co.ke.makamuevans.jav1.Jav1Application   : Started Jav1Application in 7.252 seconds (JVM running for 12.145)
2020-08-08 01:58:35.367 DEBUG 43058 --- [restartedMain] o.s.boot.devtools.restart.Restarter      : Creating new Restarter for thread Thread[main,5,main]
2020-08-08 01:58:35.368 DEBUG 43058 --- [restartedMain] o.s.boot.devtools.restart.Restarter      : Immediately restarting application
2020-08-08 01:58:35.368 DEBUG 43058 --- [restartedMain] o.s.boot.devtools.restart.Restarter      : Created RestartClassLoader org.springframework.boot.devtools.restart.classloader.RestartClassLoader@708734a6
2020-08-08 01:58:35.368 DEBUG 43058 --- [restartedMain] o.s.boot.devtools.restart.Restarter      : Starting application co.ke.makamuevans.jav1.Jav1Application with URLs [file:/Users/elm/dev/webapps/jav1/target/classes/]
2020-08-08 01:58:55.314  INFO 43058 --- [http-nio-8080-exec-1] o.a.c.c.C.[Tomcat].[localhost].[/]       : Initializing Spring DispatcherServlet 'dispatcherServlet'
2020-08-08 01:58:55.314  INFO 43058 --- [http-nio-8080-exec-1] o.s.web.servlet.DispatcherServlet        : Initializing Servlet 'dispatcherServlet'
2020-08-08 01:58:55.323  INFO 43058 --- [http-nio-8080-exec-1] o.s.web.servlet.DispatcherServlet        : Completed initialization in 9 ms
2020-08-08 01:58:55.509 DEBUG 43058 --- [http-nio-8080-exec-1] org.hibernate.SQL                        : select service0_.id as id1_1_, service0_.created_at as created_2_1_, service0_.updated_at as updated_3_1_, service0_.count as count4_1_, service0_.created_by as created_5_1_, service0_.dated as dated6_1_, service0_.description as descript7_1_, service0_.lower_deck as lower_de8_1_, service0_.status as status9_1_, service0_.title as title10_1_, service0_.upper_deck as upper_d11_1_ from services service0_ limit ?
2020-08-08 01:58:55.946  WARN 43058 --- [http-nio-8080-exec-1] n.n.u.t.decorators.DecoratorProcessor    : The layout:decorator/data-layout-decorator processor has been deprecated and will be removed in the next major version of the layout dialect.  Please use layout:decorate/data-layout-decorate instead to future-proof your code.  See https://github.com/ultraq/thymeleaf-layout-dialect/issues/95 for more information.
2020-08-08 01:59:07.195 DEBUG 43058 --- [http-nio-8080-exec-9] org.hibernate.SQL                        : select service0_.id as id1_1_, service0_.created_at as created_2_1_, service0_.updated_at as updated_3_1_, service0_.count as count4_1_, service0_.created_by as created_5_1_, service0_.dated as dated6_1_, service0_.description as descript7_1_, service0_.lower_deck as lower_de8_1_, service0_.status as status9_1_, service0_.title as title10_1_, service0_.upper_deck as upper_d11_1_ from services service0_ where service0_.status=?
2020-08-08 01:59:26.467 DEBUG 43058 --- [http-nio-8080-exec-1] org.hibernate.SQL                        : select service0_.id as id1_1_0_, service0_.created_at as created_2_1_0_, service0_.updated_at as updated_3_1_0_, service0_.count as count4_1_0_, service0_.created_by as created_5_1_0_, service0_.dated as dated6_1_0_, service0_.description as descript7_1_0_, service0_.lower_deck as lower_de8_1_0_, service0_.status as status9_1_0_, service0_.title as title10_1_0_, service0_.upper_deck as upper_d11_1_0_ from services service0_ where service0_.id=?
2020-08-08 01:59:26.513 DEBUG 43058 --- [http-nio-8080-exec-3] org.hibernate.SQL                        : select service0_.id as id1_1_, service0_.created_at as created_2_1_, service0_.updated_at as updated_3_1_, service0_.count as count4_1_, service0_.created_by as created_5_1_, service0_.dated as dated6_1_, service0_.description as descript7_1_, service0_.lower_deck as lower_de8_1_, service0_.status as status9_1_, service0_.title as title10_1_, service0_.upper_deck as upper_d11_1_ from services service0_ where service0_.status=?
2020-08-08 02:00:36.674 DEBUG 43058 --- [File Watcher] o.s.boot.devtools.restart.Restarter      : Restarting application
2020-08-08 02:00:36.675 DEBUG 43058 --- [Thread-192] o.s.boot.devtools.restart.Restarter      : Stopping application
2020-08-08 02:00:36.675 DEBUG 43058 --- [Thread-192] ConfigServletWebServerApplicationContext : Closing org.springframework.boot.web.servlet.context.AnnotationConfigServletWebServerApplicationContext@739641a9, started on Sat Aug 08 01:58:28 EAT 2020
2020-08-08 02:00:36.698  INFO 43058 --- [Thread-192] j.LocalContainerEntityManagerFactoryBean : Closing JPA EntityManagerFactory for persistence unit 'default'
2020-08-08 02:00:36.711  INFO 43058 --- [Thread-192] o.s.s.concurrent.ThreadPoolTaskExecutor  : Shutting down ExecutorService 'applicationTaskExecutor'
2020-08-08 02:00:36.713  INFO 43058 --- [Thread-192] com.zaxxer.hikari.HikariDataSource       : HikariPool-1 - Shutdown initiated...
2020-08-08 02:00:36.764  INFO 43058 --- [Thread-192] com.zaxxer.hikari.HikariDataSource       : HikariPool-1 - Shutdown completed.
2020-08-08 02:00:36.869 DEBUG 43058 --- [Thread-192] o.s.boot.devtools.restart.Restarter      : Created RestartClassLoader org.springframework.boot.devtools.restart.classloader.RestartClassLoader@38e2febd
2020-08-08 02:00:36.953 DEBUG 43058 --- [Thread-192] o.s.boot.devtools.restart.Restarter      : Starting application co.ke.makamuevans.jav1.Jav1Application with URLs [file:/Users/elm/dev/webapps/jav1/target/classes/]
2020-08-08 02:00:37.130 DEBUG 43058 --- [restartedMain] .c.l.ClasspathLoggingApplicationListener : Application started with classpath: [file:/Users/elm/dev/webapps/jav1/target/classes/]
2020-08-08 02:00:37.137  INFO 43058 --- [restartedMain] co.ke.makamuevans.jav1.Jav1Application   : Starting Jav1Application on Appless-MBP with PID 43058 (/Users/elm/dev/webapps/jav1/target/classes started by elm in /Users/elm/dev/webapps/jav1)
2020-08-08 02:00:37.138  INFO 43058 --- [restartedMain] co.ke.makamuevans.jav1.Jav1Application   : The following profiles are active: dev
2020-08-08 02:00:37.138 DEBUG 43058 --- [restartedMain] o.s.boot.SpringApplication               : Loading source class co.ke.makamuevans.jav1.Jav1Application
2020-08-08 02:00:37.141 DEBUG 43058 --- [restartedMain] o.s.b.c.c.ConfigFileApplicationListener  : Activated activeProfiles dev
2020-08-08 02:00:37.142 DEBUG 43058 --- [restartedMain] o.s.b.c.c.ConfigFileApplicationListener  : Loaded config file 'file:/Users/elm/dev/webapps/jav1/target/classes/application.properties' (classpath:/application.properties)
2020-08-08 02:00:37.142 DEBUG 43058 --- [restartedMain] o.s.b.c.c.ConfigFileApplicationListener  : Loaded config file 'file:/Users/elm/dev/webapps/jav1/target/classes/application-dev.yml' (classpath:/application-dev.yml) for profile dev
2020-08-08 02:00:37.143 DEBUG 43058 --- [restartedMain] ConfigServletWebServerApplicationContext : Refreshing org.springframework.boot.web.servlet.context.AnnotationConfigServletWebServerApplicationContext@3a431e5c
2020-08-08 02:00:37.833  INFO 43058 --- [restartedMain] .s.d.r.c.RepositoryConfigurationDelegate : Multiple Spring Data modules found, entering strict repository configuration mode!
2020-08-08 02:00:37.834  INFO 43058 --- [restartedMain] .s.d.r.c.RepositoryConfigurationDelegate : Bootstrapping Spring Data JDBC repositories in DEFAULT mode.
2020-08-08 02:00:37.835 DEBUG 43058 --- [restartedMain] o.s.b.a.AutoConfigurationPackages        : @EnableAutoConfiguration was declared on a class in the package 'co.ke.makamuevans.jav1'. Automatic @Repository and @Entity scanning is enabled.
2020-08-08 02:00:37.846  INFO 43058 --- [restartedMain] .RepositoryConfigurationExtensionSupport : Spring Data JDBC - Could not safely identify store assignment for repository candidate interface co.ke.makamuevans.jav1.Repositories.BookingRepository. If you want this repository to be a JDBC repository, consider annotating your entities with one of these annotations: org.springframework.data.relational.core.mapping.Table.
2020-08-08 02:00:37.848  INFO 43058 --- [restartedMain] .RepositoryConfigurationExtensionSupport : Spring Data JDBC - Could not safely identify store assignment for repository candidate interface co.ke.makamuevans.jav1.Repositories.ServiceRepository. If you want this repository to be a JDBC repository, consider annotating your entities with one of these annotations: org.springframework.data.relational.core.mapping.Table.
2020-08-08 02:00:37.848  INFO 43058 --- [restartedMain] .s.d.r.c.RepositoryConfigurationDelegate : Finished Spring Data repository scanning in 14ms. Found 0 JDBC repository interfaces.
2020-08-08 02:00:37.853  INFO 43058 --- [restartedMain] .s.d.r.c.RepositoryConfigurationDelegate : Multiple Spring Data modules found, entering strict repository configuration mode!
2020-08-08 02:00:37.854  INFO 43058 --- [restartedMain] .s.d.r.c.RepositoryConfigurationDelegate : Bootstrapping Spring Data JPA repositories in DEFERRED mode.
2020-08-08 02:00:37.865  INFO 43058 --- [restartedMain] .s.d.r.c.RepositoryConfigurationDelegate : Finished Spring Data repository scanning in 10ms. Found 2 JPA repository interfaces.
2020-08-08 02:00:38.036 DEBUG 43058 --- [restartedMain] .s.b.w.e.t.TomcatServletWebServerFactory : Code archive: /Users/elm/.m2/repository/org/springframework/boot/spring-boot/2.3.1.RELEASE/spring-boot-2.3.1.RELEASE.jar
2020-08-08 02:00:38.037 DEBUG 43058 --- [restartedMain] .s.b.w.e.t.TomcatServletWebServerFactory : Code archive: /Users/elm/.m2/repository/org/springframework/boot/spring-boot/2.3.1.RELEASE/spring-boot-2.3.1.RELEASE.jar
2020-08-08 02:00:38.037 DEBUG 43058 --- [restartedMain] .s.b.w.e.t.TomcatServletWebServerFactory : None of the document roots [src/main/webapp, public, static] point to a directory and will be ignored.
2020-08-08 02:00:38.090  INFO 43058 --- [restartedMain] o.s.b.w.embedded.tomcat.TomcatWebServer  : Tomcat initialized with port(s): 8080 (http)
2020-08-08 02:00:38.093  INFO 43058 --- [restartedMain] o.apache.catalina.core.StandardService   : Starting service [Tomcat]
2020-08-08 02:00:38.094  INFO 43058 --- [restartedMain] org.apache.catalina.core.StandardEngine  : Starting Servlet engine: [Apache Tomcat/9.0.36]
2020-08-08 02:00:38.141  INFO 43058 --- [restartedMain] o.a.c.c.C.[Tomcat].[localhost].[/]       : Initializing Spring embedded WebApplicationContext
2020-08-08 02:00:38.141 DEBUG 43058 --- [restartedMain] w.s.c.ServletWebServerApplicationContext : Published root WebApplicationContext as ServletContext attribute with name [org.springframework.web.context.WebApplicationContext.ROOT]
2020-08-08 02:00:38.141  INFO 43058 --- [restartedMain] w.s.c.ServletWebServerApplicationContext : Root WebApplicationContext: initialization completed in 998 ms
2020-08-08 02:00:38.154 DEBUG 43058 --- [restartedMain] o.s.b.w.s.ServletContextInitializerBeans : Mapping filters: characterEncodingFilter urls=[/*] order=-2147483648, formContentFilter urls=[/*] order=-9900, requestContextFilter urls=[/*] order=-105
2020-08-08 02:00:38.155 DEBUG 43058 --- [restartedMain] o.s.b.w.s.ServletContextInitializerBeans : Mapping servlets: dispatcherServlet urls=[/]
2020-08-08 02:00:38.156 DEBUG 43058 --- [restartedMain] o.s.b.w.s.f.OrderedRequestContextFilter  : Filter 'requestContextFilter' configured for use
2020-08-08 02:00:38.157 DEBUG 43058 --- [restartedMain] s.b.w.s.f.OrderedCharacterEncodingFilter : Filter 'characterEncodingFilter' configured for use
2020-08-08 02:00:38.157 DEBUG 43058 --- [restartedMain] o.s.b.w.s.f.OrderedFormContentFilter     : Filter 'formContentFilter' configured for use
2020-08-08 02:00:38.203  INFO 43058 --- [restartedMain] o.s.s.concurrent.ThreadPoolTaskExecutor  : Initializing ExecutorService 'applicationTaskExecutor'
2020-08-08 02:00:38.212  INFO 43058 --- [task-1] o.hibernate.jpa.internal.util.LogHelper  : HHH000204: Processing PersistenceUnitInfo [name: default]
2020-08-08 02:00:38.221  INFO 43058 --- [task-1] com.zaxxer.hikari.HikariDataSource       : HikariPool-2 - Starting...
2020-08-08 02:00:38.294  INFO 43058 --- [task-1] com.zaxxer.hikari.HikariDataSource       : HikariPool-2 - Start completed.
2020-08-08 02:00:38.295  INFO 43058 --- [task-1] org.hibernate.dialect.Dialect            : HHH000400: Using dialect: org.hibernate.dialect.MySQL57Dialect
2020-08-08 02:00:38.316  WARN 43058 --- [restartedMain] JpaBaseConfiguration$JpaWebConfiguration : spring.jpa.open-in-view is enabled by default. Therefore, database queries may be performed during view rendering. Explicitly configure spring.jpa.open-in-view to disable this warning
2020-08-08 02:00:38.647  INFO 43058 --- [task-1] o.h.e.t.j.p.i.JtaPlatformInitiator       : HHH000490: Using JtaPlatform implementation: [org.hibernate.engine.transaction.jta.platform.internal.NoJtaPlatform]
2020-08-08 02:00:38.649  INFO 43058 --- [task-1] j.LocalContainerEntityManagerFactoryBean : Initialized JPA EntityManagerFactory for persistence unit 'default'
2020-08-08 02:00:38.862 DEBUG 43058 --- [task-2] inMXBeanRegistrar$SpringApplicationAdmin : Application Admin MBean registered with name 'org.springframework.boot:type=Admin,name=SpringApplication'
2020-08-08 02:00:38.865  INFO 43058 --- [task-2] o.s.b.d.a.OptionalLiveReloadServer       : LiveReload server is running on port 35729
2020-08-08 02:00:38.912  INFO 43058 --- [restartedMain] o.s.b.a.w.s.WelcomePageHandlerMapping    : Adding welcome page template: index
2020-08-08 02:00:39.210  INFO 43058 --- [restartedMain] o.s.b.w.embedded.tomcat.TomcatWebServer  : Tomcat started on port(s): 8080 (http) with context path ''
2020-08-08 02:00:39.211  INFO 43058 --- [restartedMain] DeferredRepositoryInitializationListener : Triggering deferred initialization of Spring Data repositories…
2020-08-08 02:00:39.407  INFO 43058 --- [restartedMain] DeferredRepositoryInitializationListener : Spring Data repositories initialized!
2020-08-08 02:00:39.413  INFO 43058 --- [restartedMain] co.ke.makamuevans.jav1.Jav1Application   : Started Jav1Application in 2.425 seconds (JVM running for 136.192)
2020-08-08 02:00:39.421  INFO 43058 --- [restartedMain] .ConditionEvaluationDeltaLoggingListener : Condition evaluation unchanged
2020-08-08 02:00:39.661  INFO 43058 --- [http-nio-8080-exec-1] o.a.c.c.C.[Tomcat].[localhost].[/]       : Initializing Spring DispatcherServlet 'dispatcherServlet'
2020-08-08 02:00:39.665  INFO 43058 --- [http-nio-8080-exec-1] o.s.web.servlet.DispatcherServlet        : Initializing Servlet 'dispatcherServlet'
2020-08-08 02:00:39.670  INFO 43058 --- [http-nio-8080-exec-1] o.s.web.servlet.DispatcherServlet        : Completed initialization in 5 ms
2020-08-08 02:00:39.681 DEBUG 43058 --- [http-nio-8080-exec-1] org.hibernate.SQL                        : select service0_.id as id1_1_, service0_.created_at as created_2_1_, service0_.updated_at as updated_3_1_, service0_.count as count4_1_, service0_.created_by as created_5_1_, service0_.dated as dated6_1_, service0_.description as descript7_1_, service0_.lower_deck as lower_de8_1_, service0_.status as status9_1_, service0_.title as title10_1_, service0_.upper_deck as upper_d11_1_ from services service0_ where service0_.status=?
2020-08-08 02:00:51.655 DEBUG 43058 --- [http-nio-8080-exec-9] org.hibernate.SQL                        : select service0_.id as id1_1_0_, service0_.created_at as created_2_1_0_, service0_.updated_at as updated_3_1_0_, service0_.count as count4_1_0_, service0_.created_by as created_5_1_0_, service0_.dated as dated6_1_0_, service0_.description as descript7_1_0_, service0_.lower_deck as lower_de8_1_0_, service0_.status as status9_1_0_, service0_.title as title10_1_0_, service0_.upper_deck as upper_d11_1_0_ from services service0_ where service0_.id=?
2020-08-08 02:00:51.697 DEBUG 43058 --- [http-nio-8080-exec-9] org.hibernate.SQL                        : insert into bookings (created_at, updated_at, attended, names, phone, request_id, seat, service_id, status) values (?, ?, ?, ?, ?, ?, ?, ?, ?)
2020-08-08 02:00:51.734 DEBUG 43058 --- [http-nio-8080-exec-9] org.hibernate.SQL                        : insert into bookings (created_at, updated_at, attended, names, phone, request_id, seat, service_id, status) values (?, ?, ?, ?, ?, ?, ?, ?, ?)
2020-08-08 02:00:51.763 DEBUG 43058 --- [http-nio-8080-exec-10] org.hibernate.SQL                        : select service0_.id as id1_1_, service0_.created_at as created_2_1_, service0_.updated_at as updated_3_1_, service0_.count as count4_1_, service0_.created_by as created_5_1_, service0_.dated as dated6_1_, service0_.description as descript7_1_, service0_.lower_deck as lower_de8_1_, service0_.status as status9_1_, service0_.title as title10_1_, service0_.upper_deck as upper_d11_1_ from services service0_ where service0_.status=?
